[1113/124944:ERROR:process_reader_win.cc(114)] NtOpenThread: {Access Denied} A process has requested access to an object, but has not been granted those access rights.  (0xc0000022)
[1113/124944:ERROR:exception_snapshot_win.cc(87)] thread ID 9792 not found in process
[1113/124944:WARNING:crash_report_exception_handler.cc(56)] ProcessSnapshotWin::Initialize failed
[1114/104425:ERROR:process_reader_win.cc(114)] NtOpenThread: {Access Denied} A process has requested access to an object, but has not been granted those access rights.  (0xc0000022)
[1114/104425:ERROR:exception_snapshot_win.cc(87)] thread ID 6596 not found in process
[1114/104425:WARNING:crash_report_exception_handler.cc(56)] ProcessSnapshotWin::Initialize failed
[1114/104524:ERROR:process_reader_win.cc(114)] NtOpenThread: {Access Denied} A process has requested access to an object, but has not been granted those access rights.  (0xc0000022)
[1114/104524:ERROR:exception_snapshot_win.cc(87)] thread ID 9600 not found in process
[1114/104524:WARNING:crash_report_exception_handler.cc(56)] ProcessSnapshotWin::Initialize failed
[1213/183532:ERROR:process_reader_win.cc(114)] NtOpenThread: {Access Denied} A process has requested access to an object, but has not been granted those access rights.  (0xc0000022)
[1213/183532:ERROR:exception_snapshot_win.cc(87)] thread ID 6824 not found in process
[1213/183532:WARNING:crash_report_exception_handler.cc(61)] ProcessSnapshotWin::Initialize failed
[1214/144802:ERROR:process_reader_win.cc(114)] NtOpenThread: {Access Denied} A process has requested access to an object, but has not been granted those access rights.  (0xc0000022)
[1214/144802:ERROR:exception_snapshot_win.cc(87)] thread ID 4400 not found in process
[1214/144802:WARNING:crash_report_exception_handler.cc(61)] ProcessSnapshotWin::Initialize failed
[0207/105232:ERROR:process_reader_win.cc(114)] NtOpenThread: {Access Denied} A process has requested access to an object, but has not been granted those access rights.  (0xc0000022)
[0207/105232:ERROR:exception_snapshot_win.cc(87)] thread ID 5840 not found in process
[0207/105232:WARNING:crash_report_exception_handler.cc(61)] ProcessSnapshotWin::Initialize failed
[0207/105847:ERROR:process_reader_win.cc(114)] NtOpenThread: {Access Denied} A process has requested access to an object, but has not been granted those access rights.  (0xc0000022)
[0207/105847:ERROR:exception_snapshot_win.cc(87)] thread ID 1120 not found in process
[0207/105847:WARNING:crash_report_exception_handler.cc(61)] ProcessSnapshotWin::Initialize failed
[0207/184651.187:ERROR:process_reader_win.cc(114)] NtOpenThread: {Access Denied} A process has requested access to an object, but has not been granted those access rights.  (0xc0000022)
[0207/184651.203:ERROR:exception_snapshot_win.cc(87)] thread ID 13680 not found in process
[0207/184651.203:WARNING:crash_report_exception_handler.cc(60)] ProcessSnapshotWin::Initialize failed
